0 info it worked if it ends with ok
1 verbose cli [ '/root/.nvm/versions/node/v7.1.0/bin/node',
1 verbose cli   '/root/.nvm/versions/node/v7.1.0/bin/npm',
1 verbose cli   'start' ]
2 info using npm@3.10.9
3 info using node@v7.1.0
4 verbose stack Error: ENOENT: no such file or directory, open '/var/www/html/music/package.json'
5 verbose cwd /var/www/html/music
6 error Linux 3.13.0-57-generic
7 error argv "/root/.nvm/versions/node/v7.1.0/bin/node" "/root/.nvm/versions/node/v7.1.0/bin/npm" "start"
8 error node v7.1.0
9 error npm  v3.10.9
10 error path /var/www/html/music/package.json
11 error code ENOENT
12 error errno -2
13 error syscall open
14 error enoent ENOENT: no such file or directory, open '/var/www/html/music/package.json'
15 error enoent ENOENT: no such file or directory, open '/var/www/html/music/package.json'
15 error enoent This is most likely not a problem with npm itself
15 error enoent and is related to npm not being able to find a file.
16 verbose exit [ -2, true ]
